10.7.2015 г. 08:44:04 ч.	This log contains information about the import schema operation into project 'Database' on computer 'VALENTINY-V' by user 'valentin.yonev'.
10.7.2015 г. 08:44:04 ч.	Import of database schema has started.
10.7.2015 г. 08:44:13 ч.	Gathering database options
10.7.2015 г. 08:44:13 ч.	Gathering users
10.7.2015 г. 08:44:13 ч.	Gathering roles
10.7.2015 г. 08:44:13 ч.	Gathering application roles
10.7.2015 г. 08:44:13 ч.	Gathering role memberships
10.7.2015 г. 08:44:13 ч.	Gathering filegroups
10.7.2015 г. 08:44:13 ч.	Gathering full-text catalogs
10.7.2015 г. 08:44:13 ч.	Gathering assemblies
10.7.2015 г. 08:44:13 ч.	Gathering certificates
10.7.2015 г. 08:44:13 ч.	Gathering asymmetric keys
10.7.2015 г. 08:44:13 ч.	Gathering symmetric keys
10.7.2015 г. 08:44:13 ч.	Gathering encrypted symmetric keys
10.7.2015 г. 08:44:13 ч.	Gathering schemas
10.7.2015 г. 08:44:13 ч.	Gathering XML schema collections
10.7.2015 г. 08:44:13 ч.	Gathering user-defined data types
10.7.2015 г. 08:44:13 ч.	Gathering user-defined types
10.7.2015 г. 08:44:13 ч.	Gathering table types
10.7.2015 г. 08:44:13 ч.	Gathering unique keys for table types
10.7.2015 г. 08:44:13 ч.	Gathering primary keys for table types
10.7.2015 г. 08:44:13 ч.	Gathering check constraints for table types
10.7.2015 г. 08:44:13 ч.	Gathering default constraints for table types
10.7.2015 г. 08:44:13 ч.	Gathering partition functions
10.7.2015 г. 08:44:13 ч.	Gathering partition schemes
10.7.2015 г. 08:44:13 ч.	Gathering functions
10.7.2015 г. 08:44:13 ч.	Gathering encrypted functions
10.7.2015 г. 08:44:13 ч.	Gathering aggregates
10.7.2015 г. 08:44:13 ч.	Gathering procedures
10.7.2015 г. 08:44:13 ч.	Gathering encrypted procedures
10.7.2015 г. 08:44:13 ч.	Gathering tables
10.7.2015 г. 08:44:13 ч.	Gathering primary keys
10.7.2015 г. 08:44:13 ч.	Gathering unique constraints
10.7.2015 г. 08:44:13 ч.	Gathering foreign keys
10.7.2015 г. 08:44:13 ч.	Gathering default constraints
10.7.2015 г. 08:44:13 ч.	Gathering check constraints
10.7.2015 г. 08:44:13 ч.	Gathering views
10.7.2015 г. 08:44:13 ч.	Gathering encrypted views
10.7.2015 г. 08:44:13 ч.	Gathering indexes
10.7.2015 г. 08:44:13 ч.	Gathering statistics
10.7.2015 г. 08:44:13 ч.	Gathering full-text index stoplists
10.7.2015 г. 08:44:13 ч.	Gathering search property lists
10.7.2015 г. 08:44:13 ч.	Gathering search properties
10.7.2015 г. 08:44:13 ч.	Gathering full-text indexes
10.7.2015 г. 08:44:13 ч.	Gathering column store indexes
10.7.2015 г. 08:44:13 ч.	Gathering spatial indexes
10.7.2015 г. 08:44:13 ч.	Gathering XML indexes
10.7.2015 г. 08:44:13 ч.	Gathering Selective XML indexes
10.7.2015 г. 08:44:13 ч.	Gathering encrypted triggers
10.7.2015 г. 08:44:13 ч.	Gathering triggers
10.7.2015 г. 08:44:13 ч.	Gathering encrypted and clr ddl triggers
10.7.2015 г. 08:44:13 ч.	Gathering ddl triggers
10.7.2015 г. 08:44:13 ч.	Gathering synonyms
10.7.2015 г. 08:44:13 ч.	Gathering defaults
10.7.2015 г. 08:44:13 ч.	Gathering data constraint uddt bindings
10.7.2015 г. 08:44:13 ч.	Gathering rules
10.7.2015 г. 08:44:13 ч.	Gathering data constraint uddt bindings
10.7.2015 г. 08:44:13 ч.	Gathering message types
10.7.2015 г. 08:44:13 ч.	Gathering queues
10.7.2015 г. 08:44:13 ч.	Gathering contracts
10.7.2015 г. 08:44:13 ч.	Gathering services
10.7.2015 г. 08:44:13 ч.	Gathering event notifications
10.7.2015 г. 08:44:13 ч.	Gathering remote service bindings
10.7.2015 г. 08:44:13 ч.	Gathering broker priorities
10.7.2015 г. 08:44:13 ч.	Gathering signatures
10.7.2015 г. 08:44:13 ч.	Gathering data compression options
10.7.2015 г. 08:44:13 ч.	Gathering sequence types
10.7.2015 г. 08:44:13 ч.	Gathering extended properties
10.7.2015 г. 08:44:13 ч.	Gathering credentials
10.7.2015 г. 08:44:13 ч.	Gathering logins
10.7.2015 г. 08:44:13 ч.	Gathering server audits
10.7.2015 г. 08:44:13 ч.	Scanning project for duplicate elements
10.7.2015 г. 08:44:13 ч.	Finished duplicate element processing
10.7.2015 г. 08:44:13 ч.	Finished importing database.
10.7.2015 г. 08:44:13 ч.	A summary of the import was saved to the following location: c:\users\valentin.yonev\documents\visual studio 2013\Projects\Books\Database\Import Schema Logs\Database_20150710054404.log
10.7.2015 г. 08:44:13 ч.	Click Finish to continue...
